[debug] [2023-12-17T14:52:27.942Z] ----------------------------------------------------------------------
[debug] [2023-12-17T14:52:27.943Z] Command:       C:\Program Files\nodejs\node.exe C:\Program Files\nodejs\node_modules\firebase-tools\lib\bin\firebase.js deploy --only functions
[debug] [2023-12-17T14:52:27.943Z] CLI Version:   13.0.1
[debug] [2023-12-17T14:52:27.944Z] Platform:      win32
[debug] [2023-12-17T14:52:27.944Z] Node Version:  v18.18.0
[debug] [2023-12-17T14:52:27.944Z] Time:          Sun Dec 17 2023 15:52:27 GMT+0100 (Central European Standard Time)
[debug] [2023-12-17T14:52:27.945Z] ----------------------------------------------------------------------
[debug] 
[debug] [2023-12-17T14:52:27.996Z] > command requires scopes: ["email","openid","https://www.googleapis.com/auth/cloudplatformprojects.readonly","https://www.googleapis.com/auth/firebase","https://www.googleapis.com/auth/cloud-platform"]
[debug] [2023-12-17T14:52:27.997Z] > authorizing via signed-in user (greenonsoftware@gmail.com)
[debug] [2023-12-17T14:52:27.997Z] [iam] checking project greenonsoftware-dev-api for permissions ["cloudfunctions.functions.create","cloudfunctions.functions.delete","cloudfunctions.functions.get","cloudfunctions.functions.list","cloudfunctions.functions.update","cloudfunctions.operations.get","firebase.projects.get"]
[debug] [2023-12-17T14:52:27.998Z] >>> [apiv2][query] POST https://cloudresourcemanager.googleapis.com/v1/projects/greenonsoftware-dev-api:testIamPermissions [none]
[debug] [2023-12-17T14:52:27.998Z] >>> [apiv2][(partial)header] POST https://cloudresourcemanager.googleapis.com/v1/projects/greenonsoftware-dev-api:testIamPermissions x-goog-quota-user=projects/greenonsoftware-dev-api
[debug] [2023-12-17T14:52:27.999Z] >>> [apiv2][body] POST https://cloudresourcemanager.googleapis.com/v1/projects/greenonsoftware-dev-api:testIamPermissions {"permissions":["cloudfunctions.functions.create","cloudfunctions.functions.delete","cloudfunctions.functions.get","cloudfunctions.functions.list","cloudfunctions.functions.update","cloudfunctions.operations.get","firebase.projects.get"]}
[debug] [2023-12-17T14:52:28.845Z] <<< [apiv2][status] POST https://cloudresourcemanager.googleapis.com/v1/projects/greenonsoftware-dev-api:testIamPermissions 200
[debug] [2023-12-17T14:52:28.845Z] <<< [apiv2][body] POST https://cloudresourcemanager.googleapis.com/v1/projects/greenonsoftware-dev-api:testIamPermissions {"permissions":["cloudfunctions.functions.create","cloudfunctions.functions.delete","cloudfunctions.functions.get","cloudfunctions.functions.list","cloudfunctions.functions.update","cloudfunctions.operations.get","firebase.projects.get"]}
[debug] [2023-12-17T14:52:28.845Z] >>> [apiv2][query] POST https://iam.googleapis.com/v1/projects/greenonsoftware-dev-api/serviceAccounts/greenonsoftware-dev-api@appspot.gserviceaccount.com:testIamPermissions [none]
[debug] [2023-12-17T14:52:28.846Z] >>> [apiv2][body] POST https://iam.googleapis.com/v1/projects/greenonsoftware-dev-api/serviceAccounts/greenonsoftware-dev-api@appspot.gserviceaccount.com:testIamPermissions {"permissions":["iam.serviceAccounts.actAs"]}
[debug] [2023-12-17T14:52:29.653Z] <<< [apiv2][status] POST https://iam.googleapis.com/v1/projects/greenonsoftware-dev-api/serviceAccounts/greenonsoftware-dev-api@appspot.gserviceaccount.com:testIamPermissions 200
[debug] [2023-12-17T14:52:29.653Z] <<< [apiv2][body] POST https://iam.googleapis.com/v1/projects/greenonsoftware-dev-api/serviceAccounts/greenonsoftware-dev-api@appspot.gserviceaccount.com:testIamPermissions {"permissions":["iam.serviceAccounts.actAs"]}
[info] 
[info] === Deploying to 'greenonsoftware-dev-api'...
[info] 
[info] i  deploying functions 
[info] Running command: npm --prefix "$RESOURCE_DIR" run build
[info] +  functions: Finished running predeploy script. 
[debug] [2023-12-17T14:52:35.519Z] >>> [apiv2][query] GET https://firebase.googleapis.com/v1beta1/projects/greenonsoftware-dev-api [none]
[debug] [2023-12-17T14:52:35.827Z] <<< [apiv2][status] GET https://firebase.googleapis.com/v1beta1/projects/greenonsoftware-dev-api 200
[debug] [2023-12-17T14:52:35.827Z] <<< [apiv2][body] GET https://firebase.googleapis.com/v1beta1/projects/greenonsoftware-dev-api {"projectId":"greenonsoftware-dev-api","projectNumber":"681300192401","displayName":"greenonsoftware-dev-api","name":"projects/greenonsoftware-dev-api","resources":{"hostingSite":"greenonsoftware-dev-api"},"state":"ACTIVE","etag":"1_2dab5de7-fe15-4204-80cf-90be66e3556b"}
[info] i  functions: preparing codebase default for deployment 
[info] i  functions: ensuring required API cloudfunctions.googleapis.com is enabled... 
[info] i  functions: ensuring required API cloudbuild.googleapis.com is enabled... 
[info] i  artifactregistry: ensuring required API artifactregistry.googleapis.com is enabled... 
[debug] [2023-12-17T14:52:35.829Z] >>> [apiv2][query] GET https://serviceusage.googleapis.com/v1/projects/greenonsoftware-dev-api/services/cloudfunctions.googleapis.com [none]
[debug] [2023-12-17T14:52:35.829Z] >>> [apiv2][(partial)header] GET https://serviceusage.googleapis.com/v1/projects/greenonsoftware-dev-api/services/cloudfunctions.googleapis.com x-goog-quota-user=projects/greenonsoftware-dev-api
[debug] [2023-12-17T14:52:35.830Z] >>> [apiv2][query] GET https://serviceusage.googleapis.com/v1/projects/greenonsoftware-dev-api/services/runtimeconfig.googleapis.com [none]
[debug] [2023-12-17T14:52:35.830Z] >>> [apiv2][(partial)header] GET https://serviceusage.googleapis.com/v1/projects/greenonsoftware-dev-api/services/runtimeconfig.googleapis.com x-goog-quota-user=projects/greenonsoftware-dev-api
[debug] [2023-12-17T14:52:35.830Z] >>> [apiv2][query] GET https://serviceusage.googleapis.com/v1/projects/greenonsoftware-dev-api/services/cloudbuild.googleapis.com [none]
[debug] [2023-12-17T14:52:35.831Z] >>> [apiv2][(partial)header] GET https://serviceusage.googleapis.com/v1/projects/greenonsoftware-dev-api/services/cloudbuild.googleapis.com x-goog-quota-user=projects/greenonsoftware-dev-api
[debug] [2023-12-17T14:52:35.831Z] >>> [apiv2][query] GET https://serviceusage.googleapis.com/v1/projects/greenonsoftware-dev-api/services/artifactregistry.googleapis.com [none]
[debug] [2023-12-17T14:52:35.831Z] >>> [apiv2][(partial)header] GET https://serviceusage.googleapis.com/v1/projects/greenonsoftware-dev-api/services/artifactregistry.googleapis.com x-goog-quota-user=projects/greenonsoftware-dev-api
[debug] [2023-12-17T14:52:36.774Z] <<< [apiv2][status] GET https://serviceusage.googleapis.com/v1/projects/greenonsoftware-dev-api/services/cloudbuild.googleapis.com 200
[debug] [2023-12-17T14:52:36.775Z] <<< [apiv2][body] GET https://serviceusage.googleapis.com/v1/projects/greenonsoftware-dev-api/services/cloudbuild.googleapis.com [omitted]
[info] +  functions: required API cloudbuild.googleapis.com is enabled 
[debug] [2023-12-17T14:52:36.779Z] <<< [apiv2][status] GET https://serviceusage.googleapis.com/v1/projects/greenonsoftware-dev-api/services/runtimeconfig.googleapis.com 200
[debug] [2023-12-17T14:52:36.779Z] <<< [apiv2][body] GET https://serviceusage.googleapis.com/v1/projects/greenonsoftware-dev-api/services/runtimeconfig.googleapis.com [omitted]
[debug] [2023-12-17T14:52:36.803Z] <<< [apiv2][status] GET https://serviceusage.googleapis.com/v1/projects/greenonsoftware-dev-api/services/cloudfunctions.googleapis.com 200
[debug] [2023-12-17T14:52:36.803Z] <<< [apiv2][body] GET https://serviceusage.googleapis.com/v1/projects/greenonsoftware-dev-api/services/cloudfunctions.googleapis.com [omitted]
[info] +  functions: required API cloudfunctions.googleapis.com is enabled 
[debug] [2023-12-17T14:52:36.804Z] <<< [apiv2][status] GET https://serviceusage.googleapis.com/v1/projects/greenonsoftware-dev-api/services/artifactregistry.googleapis.com 200
[debug] [2023-12-17T14:52:36.804Z] <<< [apiv2][body] GET https://serviceusage.googleapis.com/v1/projects/greenonsoftware-dev-api/services/artifactregistry.googleapis.com [omitted]
[info] +  artifactregistry: required API artifactregistry.googleapis.com is enabled 
[debug] [2023-12-17T14:52:36.805Z] >>> [apiv2][query] GET https://firebase.googleapis.com/v1beta1/projects/greenonsoftware-dev-api/adminSdkConfig [none]
[debug] [2023-12-17T14:52:37.156Z] <<< [apiv2][status] GET https://firebase.googleapis.com/v1beta1/projects/greenonsoftware-dev-api/adminSdkConfig 200
[debug] [2023-12-17T14:52:37.156Z] <<< [apiv2][body] GET https://firebase.googleapis.com/v1beta1/projects/greenonsoftware-dev-api/adminSdkConfig {"projectId":"greenonsoftware-dev-api","storageBucket":"greenonsoftware-dev-api.appspot.com"}
[debug] [2023-12-17T14:52:37.156Z] >>> [apiv2][query] GET https://runtimeconfig.googleapis.com/v1beta1/projects/greenonsoftware-dev-api/configs [none]
[debug] [2023-12-17T14:52:37.560Z] <<< [apiv2][status] GET https://runtimeconfig.googleapis.com/v1beta1/projects/greenonsoftware-dev-api/configs 200
[debug] [2023-12-17T14:52:37.560Z] <<< [apiv2][body] GET https://runtimeconfig.googleapis.com/v1beta1/projects/greenonsoftware-dev-api/configs {}
[debug] [2023-12-17T14:52:37.562Z] Validating nodejs source
[debug] [2023-12-17T14:52:38.746Z] > [functions] package.json contents: {
  "name": "functions",
  "scripts": {
    "build": "tsc",
    "build:watch": "tsc --watch",
    "serve": "npm run build && firebase emulators:start --only functions",
    "shell": "npm run build && firebase functions:shell",
    "start": "npm run shell",
    "deploy": "firebase deploy --only functions",
    "logs": "firebase functions:log"
  },
  "engines": {
    "node": "18"
  },
  "main": "lib/index.js",
  "dependencies": {
    "firebase-admin": "^11.8.0",
    "firebase-functions": "^4.3.1"
  },
  "devDependencies": {
    "typescript": "^4.9.0",
    "firebase-functions-test": "^3.1.0"
  },
  "private": true
}
[debug] [2023-12-17T14:52:38.746Z] Building nodejs source
[info] i  functions: Loading and analyzing source code for codebase default to determine what to deploy 
[debug] [2023-12-17T14:52:38.747Z] Could not find functions.yaml. Must use http discovery
[debug] [2023-12-17T14:52:38.752Z] Found firebase-functions binary at 'C:\Users\polub\greenonsoftware-api\functions\node_modules\.bin\firebase-functions'
[info] Serving at port 8976

[debug] [2023-12-17T14:52:39.122Z] Got response from /__/functions.yaml {"endpoints":{"createDoc":{"platform":"gcfv1","labels":{},"availableMemoryMb":null,"timeoutSeconds":null,"minInstances":null,"maxInstances":null,"ingressSettings":null,"serviceAccountEmail":null,"vpc":null,"callableTrigger":{},"entryPoint":"createDoc"}},"specVersion":"v1alpha1","requiredAPIs":[]}
[info] i  functions: preparing functions directory for uploading... 
[info] i  functions: packaged C:\Users\polub\greenonsoftware-api\functions (71.41 KB) for uploading 
[debug] [2023-12-17T14:52:39.193Z] >>> [apiv2][query] GET https://cloudfunctions.googleapis.com/v1/projects/greenonsoftware-dev-api/locations/-/functions [none]
[debug] [2023-12-17T14:52:39.724Z] <<< [apiv2][status] GET https://cloudfunctions.googleapis.com/v1/projects/greenonsoftware-dev-api/locations/-/functions 200
[debug] [2023-12-17T14:52:39.724Z] <<< [apiv2][body] GET https://cloudfunctions.googleapis.com/v1/projects/greenonsoftware-dev-api/locations/-/functions {"functions":[{"name":"projects/greenonsoftware-dev-api/locations/us-central1/functions/createDoc","httpsTrigger":{"url":"https://us-central1-greenonsoftware-dev-api.cloudfunctions.net/createDoc","securityLevel":"SECURE_ALWAYS"},"status":"ACTIVE","entryPoint":"createDoc","timeout":"60s","availableMemoryMb":256,"serviceAccountEmail":"greenonsoftware-dev-api@appspot.gserviceaccount.com","updateTime":"2023-12-17T14:42:26.297Z","versionId":"10","labels":{"deployment-tool":"cli-firebase","deployment-callable":"true","firebase-functions-hash":"613211e86825ef00ddadef49ffe8586c2a90ad00"},"sourceUploadUrl":"https://storage.googleapis.com/uploads-464787401667.us-central1.cloudfunctions.appspot.com/d5c58e9e-1e0e-41eb-8f23-6cfc4806b606.zip","environmentVariables":{"FIREBASE_CONFIG":"{\"projectId\":\"greenonsoftware-dev-api\",\"storageBucket\":\"greenonsoftware-dev-api.appspot.com\"}","GCLOUD_PROJECT":"greenonsoftware-dev-api","EVENTARC_CLOUD_EVENT_SOURCE":"projects/greenonsoftware-dev-api/locations/us-central1/functions/createDoc"},"runtime":"nodejs18","ingressSettings":"ALLOW_ALL","buildId":"29a09895-ca2a-4a3c-bb1d-91f080dcb08c","buildEnvironmentVariables":{"GOOGLE_NODE_RUN_SCRIPTS":""},"buildName":"projects/681300192401/locations/us-central1/builds/29a09895-ca2a-4a3c-bb1d-91f080dcb08c","dockerRegistry":"ARTIFACT_REGISTRY","automaticUpdatePolicy":{}}]}
[debug] [2023-12-17T14:52:39.726Z] >>> [apiv2][query] GET https://cloudfunctions.googleapis.com/v2/projects/greenonsoftware-dev-api/locations/-/functions filter=environment%3D%22GEN_2%22
[debug] [2023-12-17T14:52:40.785Z] <<< [apiv2][status] GET https://cloudfunctions.googleapis.com/v2/projects/greenonsoftware-dev-api/locations/-/functions 200
[debug] [2023-12-17T14:52:40.785Z] <<< [apiv2][body] GET https://cloudfunctions.googleapis.com/v2/projects/greenonsoftware-dev-api/locations/-/functions {}
[debug] [2023-12-17T14:52:40.787Z] >>> [apiv2][query] GET https://firebase.googleapis.com/v1beta1/projects/greenonsoftware-dev-api [none]
[debug] [2023-12-17T14:52:41.026Z] <<< [apiv2][status] GET https://firebase.googleapis.com/v1beta1/projects/greenonsoftware-dev-api 200
[debug] [2023-12-17T14:52:41.027Z] <<< [apiv2][body] GET https://firebase.googleapis.com/v1beta1/projects/greenonsoftware-dev-api {"projectId":"greenonsoftware-dev-api","projectNumber":"681300192401","displayName":"greenonsoftware-dev-api","name":"projects/greenonsoftware-dev-api","resources":{"hostingSite":"greenonsoftware-dev-api"},"state":"ACTIVE","etag":"1_2dab5de7-fe15-4204-80cf-90be66e3556b"}
[debug] [2023-12-17T14:52:41.028Z] >>> [apiv2][query] POST https://cloudfunctions.googleapis.com/v1/projects/greenonsoftware-dev-api/locations/us-central1/functions:generateUploadUrl [none]
[debug] [2023-12-17T14:52:41.028Z] >>> [apiv2][body] POST https://cloudfunctions.googleapis.com/v1/projects/greenonsoftware-dev-api/locations/us-central1/functions:generateUploadUrl {}
[debug] [2023-12-17T14:52:41.610Z] <<< [apiv2][status] POST https://cloudfunctions.googleapis.com/v1/projects/greenonsoftware-dev-api/locations/us-central1/functions:generateUploadUrl 200
[debug] [2023-12-17T14:52:41.610Z] <<< [apiv2][body] POST https://cloudfunctions.googleapis.com/v1/projects/greenonsoftware-dev-api/locations/us-central1/functions:generateUploadUrl {"uploadUrl":"https://storage.googleapis.com/uploads-464787401667.us-central1.cloudfunctions.appspot.com/0a338fe8-e24e-4679-8c65-71ecc89210bb.zip?GoogleAccessId=service-681300192401@gcf-admin-robot.iam.gserviceaccount.com&Expires=1702826561&Signature=k3E6SWZU8G2yTCzl6NQl71%2F%2FYLjvHLzUrHh8FCUMw5CUhNfP6nmh7jKwHxaF2iImCH7qD%2BbKVT2ll4gvR8AAOW1UEclJKngBri9fYIvPFZIPhvnSXGXSh9slOJNoUKkm22dBFZKYF4ExQjvVc%2BBohRKxnPWyevo%2B%2F52Zdjwx6gaLkoI81dc%2FoTLytwUWJV2Wz9%2FCrILZCWftZcY2IbJuOh64b%2FhCBs7RTBwoX0W8xBviWk8tmcDVEMOgh8S3%2BycxanovMyYg5zkeAzk2fU75pspTLyP4at0Auc5QwaYV%2B8%2FGwVU9GziK%2BpTinHPxzqMWOEp2VCayK3FvLbVm%2BcgRKQ%3D%3D"}
[debug] [2023-12-17T14:52:41.611Z] >>> [apiv2][query] PUT https://storage.googleapis.com/uploads-464787401667.us-central1.cloudfunctions.appspot.com/0a338fe8-e24e-4679-8c65-71ecc89210bb.zip GoogleAccessId=service-681300192401%40gcf-admin-robot.iam.gserviceaccount.com&Expires=1702826561&Signature=k3E6SWZU8G2yTCzl6NQl71%2F%2FYLjvHLzUrHh8FCUMw5CUhNfP6nmh7jKwHxaF2iImCH7qD%2BbKVT2ll4gvR8AAOW1UEclJKngBri9fYIvPFZIPhvnSXGXSh9slOJNoUKkm22dBFZKYF4ExQjvVc%2BBohRKxnPWyevo%2B%2F52Zdjwx6gaLkoI81dc%2FoTLytwUWJV2Wz9%2FCrILZCWftZcY2IbJuOh64b%2FhCBs7RTBwoX0W8xBviWk8tmcDVEMOgh8S3%2BycxanovMyYg5zkeAzk2fU75pspTLyP4at0Auc5QwaYV%2B8%2FGwVU9GziK%2BpTinHPxzqMWOEp2VCayK3FvLbVm%2BcgRKQ%3D%3D
[debug] [2023-12-17T14:52:41.611Z] >>> [apiv2][body] PUT https://storage.googleapis.com/uploads-464787401667.us-central1.cloudfunctions.appspot.com/0a338fe8-e24e-4679-8c65-71ecc89210bb.zip [stream]
[debug] [2023-12-17T14:52:42.196Z] <<< [apiv2][status] PUT https://storage.googleapis.com/uploads-464787401667.us-central1.cloudfunctions.appspot.com/0a338fe8-e24e-4679-8c65-71ecc89210bb.zip 200
[debug] [2023-12-17T14:52:42.196Z] <<< [apiv2][body] PUT https://storage.googleapis.com/uploads-464787401667.us-central1.cloudfunctions.appspot.com/0a338fe8-e24e-4679-8c65-71ecc89210bb.zip [omitted]
[info] +  functions: functions folder uploaded successfully 
[info] i  functions: updating Node.js 18 (1st Gen) function createDoc(us-central1)... 
[debug] [2023-12-17T14:52:42.199Z] >>> [apiv2][query] PATCH https://cloudfunctions.googleapis.com/v1/projects/greenonsoftware-dev-api/locations/us-central1/functions/createDoc updateMask=name%2CsourceUploadUrl%2CentryPoint%2Cruntime%2CdockerRegistry%2Clabels%2ChttpsTrigger.securityLevel%2CminInstances%2CmaxInstances%2CingressSettings%2CenvironmentVariables%2CserviceAccountEmail%2CavailableMemoryMb%2Ctimeout%2CvpcConnector%2CvpcConnectorEgressSettings%2CsourceToken%2CbuildEnvironmentVariables
[debug] [2023-12-17T14:52:42.199Z] >>> [apiv2][body] PATCH https://cloudfunctions.googleapis.com/v1/projects/greenonsoftware-dev-api/locations/us-central1/functions/createDoc {"name":"projects/greenonsoftware-dev-api/locations/us-central1/functions/createDoc","sourceUploadUrl":"https://storage.googleapis.com/uploads-464787401667.us-central1.cloudfunctions.appspot.com/0a338fe8-e24e-4679-8c65-71ecc89210bb.zip?GoogleAccessId=service-681300192401@gcf-admin-robot.iam.gserviceaccount.com&Expires=1702826561&Signature=k3E6SWZU8G2yTCzl6NQl71%2F%2FYLjvHLzUrHh8FCUMw5CUhNfP6nmh7jKwHxaF2iImCH7qD%2BbKVT2ll4gvR8AAOW1UEclJKngBri9fYIvPFZIPhvnSXGXSh9slOJNoUKkm22dBFZKYF4ExQjvVc%2BBohRKxnPWyevo%2B%2F52Zdjwx6gaLkoI81dc%2FoTLytwUWJV2Wz9%2FCrILZCWftZcY2IbJuOh64b%2FhCBs7RTBwoX0W8xBviWk8tmcDVEMOgh8S3%2BycxanovMyYg5zkeAzk2fU75pspTLyP4at0Auc5QwaYV%2B8%2FGwVU9GziK%2BpTinHPxzqMWOEp2VCayK3FvLbVm%2BcgRKQ%3D%3D","entryPoint":"createDoc","runtime":"nodejs18","dockerRegistry":"ARTIFACT_REGISTRY","labels":{"deployment-tool":"cli-firebase","deployment-callable":"true","firebase-functions-hash":"d18da5eda38facac36824941c0e55986b9f61f90"},"httpsTrigger":{"securityLevel":"SECURE_ALWAYS"},"minInstances":null,"maxInstances":null,"ingressSettings":null,"environmentVariables":{"FIREBASE_CONFIG":"{\"projectId\":\"greenonsoftware-dev-api\",\"storageBucket\":\"greenonsoftware-dev-api.appspot.com\"}","GCLOUD_PROJECT":"greenonsoftware-dev-api","EVENTARC_CLOUD_EVENT_SOURCE":"projects/greenonsoftware-dev-api/locations/us-central1/functions/createDoc"},"serviceAccountEmail":null,"availableMemoryMb":null,"timeout":null,"vpcConnector":null,"vpcConnectorEgressSettings":null,"buildEnvironmentVariables":{"GOOGLE_NODE_RUN_SCRIPTS":""}}
[debug] [2023-12-17T14:52:42.767Z] <<< [apiv2][status] PATCH https://cloudfunctions.googleapis.com/v1/projects/greenonsoftware-dev-api/locations/us-central1/functions/createDoc 200
[debug] [2023-12-17T14:52:42.767Z] <<< [apiv2][body] PATCH https://cloudfunctions.googleapis.com/v1/projects/greenonsoftware-dev-api/locations/us-central1/functions/createDoc {"name":"operations/Z3JlZW5vbnNvZnR3YXJlLWRldi1hcGkvdXMtY2VudHJhbDEvY3JlYXRlRG9jL2lpcE8yWTlzRV9V","metadata":{"@type":"type.googleapis.com/google.cloud.functions.v1.OperationMetadataV1","target":"projects/greenonsoftware-dev-api/locations/us-central1/functions/createDoc","type":"UPDATE_FUNCTION","request":{"@type":"type.googleapis.com/google.cloud.functions.v1.CloudFunction","name":"projects/greenonsoftware-dev-api/locations/us-central1/functions/createDoc","httpsTrigger":{"url":"https://us-central1-greenonsoftware-dev-api.cloudfunctions.net/createDoc","securityLevel":"SECURE_ALWAYS"},"status":"ACTIVE","entryPoint":"createDoc","updateTime":"2023-12-17T14:42:26.297Z","versionId":"10","labels":{"deployment-tool":"cli-firebase","deployment-callable":"true","firebase-functions-hash":"d18da5eda38facac36824941c0e55986b9f61f90"},"sourceUploadUrl":"https://storage.googleapis.com/uploads-464787401667.us-central1.cloudfunctions.appspot.com/0a338fe8-e24e-4679-8c65-71ecc89210bb.zip?GoogleAccessId=service-681300192401@gcf-admin-robot.iam.gserviceaccount.com&Expires=1702826561&Signature=k3E6SWZU8G2yTCzl6NQl71%2F%2FYLjvHLzUrHh8FCUMw5CUhNfP6nmh7jKwHxaF2iImCH7qD%2BbKVT2ll4gvR8AAOW1UEclJKngBri9fYIvPFZIPhvnSXGXSh9slOJNoUKkm22dBFZKYF4ExQjvVc%2BBohRKxnPWyevo%2B%2F52Zdjwx6gaLkoI81dc%2FoTLytwUWJV2Wz9%2FCrILZCWftZcY2IbJuOh64b%2FhCBs7RTBwoX0W8xBviWk8tmcDVEMOgh8S3%2BycxanovMyYg5zkeAzk2fU75pspTLyP4at0Auc5QwaYV%2B8%2FGwVU9GziK%2BpTinHPxzqMWOEp2VCayK3FvLbVm%2BcgRKQ%3D%3D","environmentVariables":{"FIREBASE_CONFIG":"{\"projectId\":\"greenonsoftware-dev-api\",\"storageBucket\":\"greenonsoftware-dev-api.appspot.com\"}","GCLOUD_PROJECT":"greenonsoftware-dev-api","EVENTARC_CLOUD_EVENT_SOURCE":"projects/greenonsoftware-dev-api/locations/us-central1/functions/createDoc"},"runtime":"nodejs18","buildId":"29a09895-ca2a-4a3c-bb1d-91f080dcb08c","buildEnvironmentVariables":{"GOOGLE_NODE_RUN_SCRIPTS":""},"buildName":"projects/681300192401/locations/us-central1/builds/29a09895-ca2a-4a3c-bb1d-91f080dcb08c","dockerRegistry":"ARTIFACT_REGISTRY","automaticUpdatePolicy":{}},"versionId":"11","updateTime":"2023-12-17T14:52:42Z"}}
[debug] [2023-12-17T14:52:42.768Z] >>> [apiv2][query] GET https://cloudfunctions.googleapis.com/v1/operations/Z3JlZW5vbnNvZnR3YXJlLWRldi1hcGkvdXMtY2VudHJhbDEvY3JlYXRlRG9jL2lpcE8yWTlzRV9V [none]
[debug] [2023-12-17T14:52:42.996Z] <<< [apiv2][status] GET https://cloudfunctions.googleapis.com/v1/operations/Z3JlZW5vbnNvZnR3YXJlLWRldi1hcGkvdXMtY2VudHJhbDEvY3JlYXRlRG9jL2lpcE8yWTlzRV9V 200
[debug] [2023-12-17T14:52:42.997Z] <<< [apiv2][body] GET https://cloudfunctions.googleapis.com/v1/operations/Z3JlZW5vbnNvZnR3YXJlLWRldi1hcGkvdXMtY2VudHJhbDEvY3JlYXRlRG9jL2lpcE8yWTlzRV9V {"name":"operations/Z3JlZW5vbnNvZnR3YXJlLWRldi1hcGkvdXMtY2VudHJhbDEvY3JlYXRlRG9jL2lpcE8yWTlzRV9V","metadata":{"@type":"type.googleapis.com/google.cloud.functions.v1.OperationMetadataV1","target":"projects/greenonsoftware-dev-api/locations/us-central1/functions/createDoc","type":"UPDATE_FUNCTION","request":{"@type":"type.googleapis.com/google.cloud.functions.v1.CloudFunction","name":"projects/greenonsoftware-dev-api/locations/us-central1/functions/createDoc","httpsTrigger":{"url":"https://us-central1-greenonsoftware-dev-api.cloudfunctions.net/createDoc","securityLevel":"SECURE_ALWAYS"},"status":"ACTIVE","entryPoint":"createDoc","updateTime":"2023-12-17T14:42:26.297Z","versionId":"10","labels":{"deployment-tool":"cli-firebase","deployment-callable":"true","firebase-functions-hash":"d18da5eda38facac36824941c0e55986b9f61f90"},"sourceUploadUrl":"https://storage.googleapis.com/uploads-464787401667.us-central1.cloudfunctions.appspot.com/0a338fe8-e24e-4679-8c65-71ecc89210bb.zip?GoogleAccessId=service-681300192401@gcf-admin-robot.iam.gserviceaccount.com&Expires=1702826561&Signature=k3E6SWZU8G2yTCzl6NQl71%2F%2FYLjvHLzUrHh8FCUMw5CUhNfP6nmh7jKwHxaF2iImCH7qD%2BbKVT2ll4gvR8AAOW1UEclJKngBri9fYIvPFZIPhvnSXGXSh9slOJNoUKkm22dBFZKYF4ExQjvVc%2BBohRKxnPWyevo%2B%2F52Zdjwx6gaLkoI81dc%2FoTLytwUWJV2Wz9%2FCrILZCWftZcY2IbJuOh64b%2FhCBs7RTBwoX0W8xBviWk8tmcDVEMOgh8S3%2BycxanovMyYg5zkeAzk2fU75pspTLyP4at0Auc5QwaYV%2B8%2FGwVU9GziK%2BpTinHPxzqMWOEp2VCayK3FvLbVm%2BcgRKQ%3D%3D","environmentVariables":{"FIREBASE_CONFIG":"{\"projectId\":\"greenonsoftware-dev-api\",\"storageBucket\":\"greenonsoftware-dev-api.appspot.com\"}","GCLOUD_PROJECT":"greenonsoftware-dev-api","EVENTARC_CLOUD_EVENT_SOURCE":"projects/greenonsoftware-dev-api/locations/us-central1/functions/createDoc"},"runtime":"nodejs18","buildId":"29a09895-ca2a-4a3c-bb1d-91f080dcb08c","buildEnvironmentVariables":{"GOOGLE_NODE_RUN_SCRIPTS":""},"buildName":"projects/681300192401/locations/us-central1/builds/29a09895-ca2a-4a3c-bb1d-91f080dcb08c","dockerRegistry":"ARTIFACT_REGISTRY","automaticUpdatePolicy":{}},"versionId":"11","updateTime":"2023-12-17T14:52:42Z"}}
[debug] [2023-12-17T14:52:43.505Z] [update-default-us-central1-createDoc] Retrying task index 0
[debug] [2023-12-17T14:52:43.505Z] >>> [apiv2][query] GET https://cloudfunctions.googleapis.com/v1/operations/Z3JlZW5vbnNvZnR3YXJlLWRldi1hcGkvdXMtY2VudHJhbDEvY3JlYXRlRG9jL2lpcE8yWTlzRV9V [none]
[debug] [2023-12-17T14:52:43.772Z] <<< [apiv2][status] GET https://cloudfunctions.googleapis.com/v1/operations/Z3JlZW5vbnNvZnR3YXJlLWRldi1hcGkvdXMtY2VudHJhbDEvY3JlYXRlRG9jL2lpcE8yWTlzRV9V 200
[debug] [2023-12-17T14:52:43.772Z] <<< [apiv2][body] GET https://cloudfunctions.googleapis.com/v1/operations/Z3JlZW5vbnNvZnR3YXJlLWRldi1hcGkvdXMtY2VudHJhbDEvY3JlYXRlRG9jL2lpcE8yWTlzRV9V {"name":"operations/Z3JlZW5vbnNvZnR3YXJlLWRldi1hcGkvdXMtY2VudHJhbDEvY3JlYXRlRG9jL2lpcE8yWTlzRV9V","metadata":{"@type":"type.googleapis.com/google.cloud.functions.v1.OperationMetadataV1","target":"projects/greenonsoftware-dev-api/locations/us-central1/functions/createDoc","type":"UPDATE_FUNCTION","request":{"@type":"type.googleapis.com/google.cloud.functions.v1.CloudFunction","name":"projects/greenonsoftware-dev-api/locations/us-central1/functions/createDoc","httpsTrigger":{"url":"https://us-central1-greenonsoftware-dev-api.cloudfunctions.net/createDoc","securityLevel":"SECURE_ALWAYS"},"status":"ACTIVE","entryPoint":"createDoc","updateTime":"2023-12-17T14:42:26.297Z","versionId":"10","labels":{"deployment-tool":"cli-firebase","deployment-callable":"true","firebase-functions-hash":"d18da5eda38facac36824941c0e55986b9f61f90"},"sourceUploadUrl":"https://storage.googleapis.com/uploads-464787401667.us-central1.cloudfunctions.appspot.com/0a338fe8-e24e-4679-8c65-71ecc89210bb.zip?GoogleAccessId=service-681300192401@gcf-admin-robot.iam.gserviceaccount.com&Expires=1702826561&Signature=k3E6SWZU8G2yTCzl6NQl71%2F%2FYLjvHLzUrHh8FCUMw5CUhNfP6nmh7jKwHxaF2iImCH7qD%2BbKVT2ll4gvR8AAOW1UEclJKngBri9fYIvPFZIPhvnSXGXSh9slOJNoUKkm22dBFZKYF4ExQjvVc%2BBohRKxnPWyevo%2B%2F52Zdjwx6gaLkoI81dc%2FoTLytwUWJV2Wz9%2FCrILZCWftZcY2IbJuOh64b%2FhCBs7RTBwoX0W8xBviWk8tmcDVEMOgh8S3%2BycxanovMyYg5zkeAzk2fU75pspTLyP4at0Auc5QwaYV%2B8%2FGwVU9GziK%2BpTinHPxzqMWOEp2VCayK3FvLbVm%2BcgRKQ%3D%3D","environmentVariables":{"FIREBASE_CONFIG":"{\"projectId\":\"greenonsoftware-dev-api\",\"storageBucket\":\"greenonsoftware-dev-api.appspot.com\"}","GCLOUD_PROJECT":"greenonsoftware-dev-api","EVENTARC_CLOUD_EVENT_SOURCE":"projects/greenonsoftware-dev-api/locations/us-central1/functions/createDoc"},"runtime":"nodejs18","buildId":"29a09895-ca2a-4a3c-bb1d-91f080dcb08c","buildEnvironmentVariables":{"GOOGLE_NODE_RUN_SCRIPTS":""},"buildName":"projects/681300192401/locations/us-central1/builds/29a09895-ca2a-4a3c-bb1d-91f080dcb08c","dockerRegistry":"ARTIFACT_REGISTRY","automaticUpdatePolicy":{}},"versionId":"11","updateTime":"2023-12-17T14:52:42Z","buildId":"fda42025-84cf-4ef3-848f-1f5089561d19","buildName":"projects/681300192401/locations/us-central1/builds/fda42025-84cf-4ef3-848f-1f5089561d19"}}
[debug] [2023-12-17T14:52:44.781Z] [update-default-us-central1-createDoc] Retrying task index 0
[debug] [2023-12-17T14:52:44.781Z] >>> [apiv2][query] GET https://cloudfunctions.googleapis.com/v1/operations/Z3JlZW5vbnNvZnR3YXJlLWRldi1hcGkvdXMtY2VudHJhbDEvY3JlYXRlRG9jL2lpcE8yWTlzRV9V [none]
[debug] [2023-12-17T14:52:45.035Z] <<< [apiv2][status] GET https://cloudfunctions.googleapis.com/v1/operations/Z3JlZW5vbnNvZnR3YXJlLWRldi1hcGkvdXMtY2VudHJhbDEvY3JlYXRlRG9jL2lpcE8yWTlzRV9V 200
[debug] [2023-12-17T14:52:45.035Z] <<< [apiv2][body] GET https://cloudfunctions.googleapis.com/v1/operations/Z3JlZW5vbnNvZnR3YXJlLWRldi1hcGkvdXMtY2VudHJhbDEvY3JlYXRlRG9jL2lpcE8yWTlzRV9V {"name":"operations/Z3JlZW5vbnNvZnR3YXJlLWRldi1hcGkvdXMtY2VudHJhbDEvY3JlYXRlRG9jL2lpcE8yWTlzRV9V","metadata":{"@type":"type.googleapis.com/google.cloud.functions.v1.OperationMetadataV1","target":"projects/greenonsoftware-dev-api/locations/us-central1/functions/createDoc","type":"UPDATE_FUNCTION","request":{"@type":"type.googleapis.com/google.cloud.functions.v1.CloudFunction","name":"projects/greenonsoftware-dev-api/locations/us-central1/functions/createDoc","httpsTrigger":{"url":"https://us-central1-greenonsoftware-dev-api.cloudfunctions.net/createDoc","securityLevel":"SECURE_ALWAYS"},"status":"ACTIVE","entryPoint":"createDoc","updateTime":"2023-12-17T14:42:26.297Z","versionId":"10","labels":{"deployment-tool":"cli-firebase","deployment-callable":"true","firebase-functions-hash":"d18da5eda38facac36824941c0e55986b9f61f90"},"sourceUploadUrl":"https://storage.googleapis.com/uploads-464787401667.us-central1.cloudfunctions.appspot.com/0a338fe8-e24e-4679-8c65-71ecc89210bb.zip?GoogleAccessId=service-681300192401@gcf-admin-robot.iam.gserviceaccount.com&Expires=1702826561&Signature=k3E6SWZU8G2yTCzl6NQl71%2F%2FYLjvHLzUrHh8FCUMw5CUhNfP6nmh7jKwHxaF2iImCH7qD%2BbKVT2ll4gvR8AAOW1UEclJKngBri9fYIvPFZIPhvnSXGXSh9slOJNoUKkm22dBFZKYF4ExQjvVc%2BBohRKxnPWyevo%2B%2F52Zdjwx6gaLkoI81dc%2FoTLytwUWJV2Wz9%2FCrILZCWftZcY2IbJuOh64b%2FhCBs7RTBwoX0W8xBviWk8tmcDVEMOgh8S3%2BycxanovMyYg5zkeAzk2fU75pspTLyP4at0Auc5QwaYV%2B8%2FGwVU9GziK%2BpTinHPxzqMWOEp2VCayK3FvLbVm%2BcgRKQ%3D%3D","environmentVariables":{"FIREBASE_CONFIG":"{\"projectId\":\"greenonsoftware-dev-api\",\"storageBucket\":\"greenonsoftware-dev-api.appspot.com\"}","GCLOUD_PROJECT":"greenonsoftware-dev-api","EVENTARC_CLOUD_EVENT_SOURCE":"projects/greenonsoftware-dev-api/locations/us-central1/functions/createDoc"},"runtime":"nodejs18","buildId":"29a09895-ca2a-4a3c-bb1d-91f080dcb08c","buildEnvironmentVariables":{"GOOGLE_NODE_RUN_SCRIPTS":""},"buildName":"projects/681300192401/locations/us-central1/builds/29a09895-ca2a-4a3c-bb1d-91f080dcb08c","dockerRegistry":"ARTIFACT_REGISTRY","automaticUpdatePolicy":{}},"versionId":"11","updateTime":"2023-12-17T14:52:42Z","buildId":"fda42025-84cf-4ef3-848f-1f5089561d19","buildName":"projects/681300192401/locations/us-central1/builds/fda42025-84cf-4ef3-848f-1f5089561d19"}}
[debug] [2023-12-17T14:52:47.050Z] [update-default-us-central1-createDoc] Retrying task index 0
[debug] [2023-12-17T14:52:47.050Z] >>> [apiv2][query] GET https://cloudfunctions.googleapis.com/v1/operations/Z3JlZW5vbnNvZnR3YXJlLWRldi1hcGkvdXMtY2VudHJhbDEvY3JlYXRlRG9jL2lpcE8yWTlzRV9V [none]
[debug] [2023-12-17T14:52:47.316Z] <<< [apiv2][status] GET https://cloudfunctions.googleapis.com/v1/operations/Z3JlZW5vbnNvZnR3YXJlLWRldi1hcGkvdXMtY2VudHJhbDEvY3JlYXRlRG9jL2lpcE8yWTlzRV9V 200
[debug] [2023-12-17T14:52:47.316Z] <<< [apiv2][body] GET https://cloudfunctions.googleapis.com/v1/operations/Z3JlZW5vbnNvZnR3YXJlLWRldi1hcGkvdXMtY2VudHJhbDEvY3JlYXRlRG9jL2lpcE8yWTlzRV9V {"name":"operations/Z3JlZW5vbnNvZnR3YXJlLWRldi1hcGkvdXMtY2VudHJhbDEvY3JlYXRlRG9jL2lpcE8yWTlzRV9V","metadata":{"@type":"type.googleapis.com/google.cloud.functions.v1.OperationMetadataV1","target":"projects/greenonsoftware-dev-api/locations/us-central1/functions/createDoc","type":"UPDATE_FUNCTION","request":{"@type":"type.googleapis.com/google.cloud.functions.v1.CloudFunction","name":"projects/greenonsoftware-dev-api/locations/us-central1/functions/createDoc","httpsTrigger":{"url":"https://us-central1-greenonsoftware-dev-api.cloudfunctions.net/createDoc","securityLevel":"SECURE_ALWAYS"},"status":"ACTIVE","entryPoint":"createDoc","updateTime":"2023-12-17T14:42:26.297Z","versionId":"10","labels":{"deployment-tool":"cli-firebase","deployment-callable":"true","firebase-functions-hash":"d18da5eda38facac36824941c0e55986b9f61f90"},"sourceUploadUrl":"https://storage.googleapis.com/uploads-464787401667.us-central1.cloudfunctions.appspot.com/0a338fe8-e24e-4679-8c65-71ecc89210bb.zip?GoogleAccessId=service-681300192401@gcf-admin-robot.iam.gserviceaccount.com&Expires=1702826561&Signature=k3E6SWZU8G2yTCzl6NQl71%2F%2FYLjvHLzUrHh8FCUMw5CUhNfP6nmh7jKwHxaF2iImCH7qD%2BbKVT2ll4gvR8AAOW1UEclJKngBri9fYIvPFZIPhvnSXGXSh9slOJNoUKkm22dBFZKYF4ExQjvVc%2BBohRKxnPWyevo%2B%2F52Zdjwx6gaLkoI81dc%2FoTLytwUWJV2Wz9%2FCrILZCWftZcY2IbJuOh64b%2FhCBs7RTBwoX0W8xBviWk8tmcDVEMOgh8S3%2BycxanovMyYg5zkeAzk2fU75pspTLyP4at0Auc5QwaYV%2B8%2FGwVU9GziK%2BpTinHPxzqMWOEp2VCayK3FvLbVm%2BcgRKQ%3D%3D","environmentVariables":{"FIREBASE_CONFIG":"{\"projectId\":\"greenonsoftware-dev-api\",\"storageBucket\":\"greenonsoftware-dev-api.appspot.com\"}","GCLOUD_PROJECT":"greenonsoftware-dev-api","EVENTARC_CLOUD_EVENT_SOURCE":"projects/greenonsoftware-dev-api/locations/us-central1/functions/createDoc"},"runtime":"nodejs18","buildId":"29a09895-ca2a-4a3c-bb1d-91f080dcb08c","buildEnvironmentVariables":{"GOOGLE_NODE_RUN_SCRIPTS":""},"buildName":"projects/681300192401/locations/us-central1/builds/29a09895-ca2a-4a3c-bb1d-91f080dcb08c","dockerRegistry":"ARTIFACT_REGISTRY","automaticUpdatePolicy":{}},"versionId":"11","updateTime":"2023-12-17T14:52:42Z","buildId":"fda42025-84cf-4ef3-848f-1f5089561d19","buildName":"projects/681300192401/locations/us-central1/builds/fda42025-84cf-4ef3-848f-1f5089561d19"}}
[debug] [2023-12-17T14:52:51.331Z] [update-default-us-central1-createDoc] Retrying task index 0
[debug] [2023-12-17T14:52:51.331Z] >>> [apiv2][query] GET https://cloudfunctions.googleapis.com/v1/operations/Z3JlZW5vbnNvZnR3YXJlLWRldi1hcGkvdXMtY2VudHJhbDEvY3JlYXRlRG9jL2lpcE8yWTlzRV9V [none]
[debug] [2023-12-17T14:52:51.594Z] <<< [apiv2][status] GET https://cloudfunctions.googleapis.com/v1/operations/Z3JlZW5vbnNvZnR3YXJlLWRldi1hcGkvdXMtY2VudHJhbDEvY3JlYXRlRG9jL2lpcE8yWTlzRV9V 200
[debug] [2023-12-17T14:52:51.594Z] <<< [apiv2][body] GET https://cloudfunctions.googleapis.com/v1/operations/Z3JlZW5vbnNvZnR3YXJlLWRldi1hcGkvdXMtY2VudHJhbDEvY3JlYXRlRG9jL2lpcE8yWTlzRV9V {"name":"operations/Z3JlZW5vbnNvZnR3YXJlLWRldi1hcGkvdXMtY2VudHJhbDEvY3JlYXRlRG9jL2lpcE8yWTlzRV9V","metadata":{"@type":"type.googleapis.com/google.cloud.functions.v1.OperationMetadataV1","target":"projects/greenonsoftware-dev-api/locations/us-central1/functions/createDoc","type":"UPDATE_FUNCTION","request":{"@type":"type.googleapis.com/google.cloud.functions.v1.CloudFunction","name":"projects/greenonsoftware-dev-api/locations/us-central1/functions/createDoc","httpsTrigger":{"url":"https://us-central1-greenonsoftware-dev-api.cloudfunctions.net/createDoc","securityLevel":"SECURE_ALWAYS"},"status":"ACTIVE","entryPoint":"createDoc","updateTime":"2023-12-17T14:42:26.297Z","versionId":"10","labels":{"deployment-tool":"cli-firebase","deployment-callable":"true","firebase-functions-hash":"d18da5eda38facac36824941c0e55986b9f61f90"},"sourceUploadUrl":"https://storage.googleapis.com/uploads-464787401667.us-central1.cloudfunctions.appspot.com/0a338fe8-e24e-4679-8c65-71ecc89210bb.zip?GoogleAccessId=service-681300192401@gcf-admin-robot.iam.gserviceaccount.com&Expires=1702826561&Signature=k3E6SWZU8G2yTCzl6NQl71%2F%2FYLjvHLzUrHh8FCUMw5CUhNfP6nmh7jKwHxaF2iImCH7qD%2BbKVT2ll4gvR8AAOW1UEclJKngBri9fYIvPFZIPhvnSXGXSh9slOJNoUKkm22dBFZKYF4ExQjvVc%2BBohRKxnPWyevo%2B%2F52Zdjwx6gaLkoI81dc%2FoTLytwUWJV2Wz9%2FCrILZCWftZcY2IbJuOh64b%2FhCBs7RTBwoX0W8xBviWk8tmcDVEMOgh8S3%2BycxanovMyYg5zkeAzk2fU75pspTLyP4at0Auc5QwaYV%2B8%2FGwVU9GziK%2BpTinHPxzqMWOEp2VCayK3FvLbVm%2BcgRKQ%3D%3D","environmentVariables":{"FIREBASE_CONFIG":"{\"projectId\":\"greenonsoftware-dev-api\",\"storageBucket\":\"greenonsoftware-dev-api.appspot.com\"}","GCLOUD_PROJECT":"greenonsoftware-dev-api","EVENTARC_CLOUD_EVENT_SOURCE":"projects/greenonsoftware-dev-api/locations/us-central1/functions/createDoc"},"runtime":"nodejs18","buildId":"29a09895-ca2a-4a3c-bb1d-91f080dcb08c","buildEnvironmentVariables":{"GOOGLE_NODE_RUN_SCRIPTS":""},"buildName":"projects/681300192401/locations/us-central1/builds/29a09895-ca2a-4a3c-bb1d-91f080dcb08c","dockerRegistry":"ARTIFACT_REGISTRY","automaticUpdatePolicy":{}},"versionId":"11","updateTime":"2023-12-17T14:52:42Z","buildId":"fda42025-84cf-4ef3-848f-1f5089561d19","buildName":"projects/681300192401/locations/us-central1/builds/fda42025-84cf-4ef3-848f-1f5089561d19"}}
[debug] [2023-12-17T14:52:59.602Z] [update-default-us-central1-createDoc] Retrying task index 0
[debug] [2023-12-17T14:52:59.602Z] >>> [apiv2][query] GET https://cloudfunctions.googleapis.com/v1/operations/Z3JlZW5vbnNvZnR3YXJlLWRldi1hcGkvdXMtY2VudHJhbDEvY3JlYXRlRG9jL2lpcE8yWTlzRV9V [none]
